1.5897 	WARNING 	We strongly recommend you activate the PTB sound engine in PsychoPy prefs as the preferred audio engine. Its timing is vastly superior. Your prefs are currently set to use ['sounddevice', 'PTB', 'pyo', 'pygame'] (in that order).
4.0649 	WARNING 	Font Manager failed to load file C:\Windows\Fonts\mstmc.ttf
4.2365 	WARNING 	Font Manager failed to load file C:\Windows\Fonts\mstmc.ttf
6.4131 	WARNING 	User requested fullscreen with size [1024  768], but screen is actually [1920, 1080]. Using actual size
7.0555 	EXP 	Created window1 = Window(allowGUI=False, allowStencil=False, autoLog=True, backendConf=UNKNOWN, bitsMode=UNKNOWN, blendMode='avg', bpc=(8, 8, 8), color=array([0, 0, 0]), colorSpace='rgb', depthBits=8, fullscr=<method-wrapper '__getattribute__' of attributeSetter object at 0x0000020FBA69A220>, gamma=None, gammaErrorPolicy='raise', lms=UNKNOWN, monitor=<psychopy.monitors.calibTools.Monitor object at 0x0000020FBC3629D0>, multiSample=False, name='window1', numSamples=2, pos=(0, 0), screen=0, size=array([1920, 1080]), stencilBits=0, stereo=False, units='height', useFBO=True, useRetina=False, viewOri=0.0, viewPos=None, viewScale=None, waitBlanking=True, winType='pyglet')
7.0558 	EXP 	window1: mouseVisible = True
7.0558 	EXP 	window1: Attempting to measure frame rate of screen (0) ...
7.0558 	EXP 	window1: recordFrameIntervals = False
7.2219 	EXP 	window1: recordFrameIntervals = True
7.4053 	EXP 	Screen (0) actual frame rate measured at 59.99Hz
7.4053 	EXP 	window1: recordFrameIntervals = False
9.5250 	EXP 	Created instrText = TextStim(__class__=<class 'psychopy.visual.text.TextStim'>, alignHoriz=method-wrapper(...), alignText='center', alignVert=method-wrapper(...), anchorHoriz='center', anchorVert='center', antialias=True, autoDraw=False, autoLog=True, bold=False, color=array([1., 1., 1.]), colorSpace='rgb', contrast=1.0, depth=0.0, flipHoriz=False, flipVert=False, font='Open Sans', fontFiles=[], height=0.05, italic=False, languageStyle='LTR', name='instrText', opacity=1.0, ori=0.0, pos=array([0., 0.]), rgb=UNKNOWN, text=str(...), units='height', win=Window(...), wrapWidth=1)
9.5673 	EXP 	Created instrText_2 = TextStim(__class__=<class 'psychopy.visual.text.TextStim'>, alignHoriz=method-wrapper(...), alignText='center', alignVert=method-wrapper(...), anchorHoriz='center', anchorVert='center', antialias=True, autoDraw=False, autoLog=True, bold=False, color=array([1., 1., 1.]), colorSpace='rgb', contrast=1.0, depth=0.0, flipHoriz=False, flipVert=False, font='Open Sans', fontFiles=[], height=0.03, italic=False, languageStyle='LTR', name='instrText_2', opacity=1.0, ori=0.0, pos=array([0., 0.]), rgb=UNKNOWN, text=str(...), units='height', win=Window(...), wrapWidth=1)
9.5684 	EXP 	Created textStroopWord = TextStim(__class__=<class 'psychopy.visual.text.TextStim'>, alignHoriz=method-wrapper(...), alignText='center', alignVert=method-wrapper(...), anchorHoriz='center', anchorVert='center', antialias=True, autoDraw=False, autoLog=True, bold=False, color=array([1., 1., 1.]), colorSpace='rgb', contrast=1.0, depth=0.0, flipHoriz=False, flipVert=False, font='Open Sans', fontFiles=[], height=0.05, italic=False, languageStyle='LTR', name='textStroopWord', opacity=1.0, ori=0.0, pos=array([0., 0.]), rgb=UNKNOWN, text='', units='height', win=Window(...), wrapWidth=1)
9.8005 	EXP 	Created image = ImageStim(__class__=<class 'psychopy.visual.image.ImageStim'>, anchor=('center', 'center'), autoLog=True, color=array([1., 1., 1.]), colorSpace='rgb', contrast=1.0, depth=0.0, flipHoriz=False, flipVert=False, image=str(...), interpolate=True, mask=None, maskParams=None, name='image', opacity=1.0, ori=0.0, pos=array([0., 0.]), size=array([0.5, 0.5]), texRes=128.0, units='height', win=Window(...))
9.8017 	EXP 	Created text = TextStim(__class__=<class 'psychopy.visual.text.TextStim'>, alignHoriz=method-wrapper(...), alignText='center', alignVert=method-wrapper(...), anchorHoriz='center', anchorVert='center', antialias=True, autoDraw=False, autoLog=True, bold=False, color=array([1., 1., 1.]), colorSpace='rgb', contrast=1.0, depth=0.0, flipHoriz=False, flipVert=False, font='Open Sans', fontFiles=[], height=0.05, italic=False, languageStyle='LTR', name='text', opacity=1.0, ori=0.0, pos=array([0., 0.]), rgb=UNKNOWN, text='', units='height', win=Window(...), wrapWidth=1)
9.8039 	DATA 	Keypress: lwindows
9.8422 	EXP 	instrText: autoDraw = True
10.7745 	DATA 	Mouse: Left button down, pos=(803,599)
10.9067 	DATA 	Mouse:  Left button up, pos=(803,599)
11.5397 	DATA 	Keypress: lwindows
11.5546 	EXP 	instrText: autoDraw = False
11.5546 	EXP 	instrText_2: autoDraw = True
11.7509 	EXP 	Imported data.xlsx as conditions, 20 conditions, 4 params
11.7519 	EXP 	Created sequence: random, trialTypes=20, nReps=1, seed=None
11.7522 	EXP 	New trial (rep=0, index=0): {'badWords': 'Złość', 'neutralWords': 'Gość', 'colour': 'red', 'correct_key': 'm'}
11.8099 	EXP 	instrText_2: autoDraw = False
11.8099 	EXP 	textStroopWord: height = 0.05
11.8099 	EXP 	textStroopWord: height = 0.05
11.8099 	EXP 	textStroopWord: height = 0.05
11.8099 	EXP 	textStroopWord: text = 'Gość'
12.7547 	EXP 	textStroopWord: autoDraw = True
15.2574 	DATA 	Mouse: Left button down, pos=(1092,551)
15.4055 	DATA 	Mouse:  Left button up, pos=(1092,551)
16.7392 	EXP 	New trial (rep=0, index=1): {'badWords': 'Psychoza', 'neutralWords': 'Glukoza', 'colour': 'green', 'correct_key': 'x'}
16.7546 	EXP 	textStroopWord: autoDraw = False
16.7546 	EXP 	textStroopWord: autoDraw = False
16.7546 	EXP 	textStroopWord: height = 0.05
16.7546 	EXP 	textStroopWord: height = 0.05
16.7546 	EXP 	textStroopWord: height = 0.05
16.7546 	EXP 	textStroopWord: text = 'Glukoza'
16.8221 	DATA 	Mouse: Left button down, pos=(1098,615)
16.9386 	DATA 	Mouse:  Left button up, pos=(1096,614)
17.7381 	EXP 	textStroopWord: autoDraw = True
18.4891 	EXP 	New trial (rep=0, index=2): {'badWords': 'Maczeta', 'neutralWords': 'Skarpeta', 'colour': 'green', 'correct_key': 'x'}
18.4927 	DATA 	Keypress: z
18.5048 	EXP 	textStroopWord: autoDraw = False
18.5048 	EXP 	textStroopWord: height = 0.05
18.5048 	EXP 	textStroopWord: height = 0.05
18.5048 	EXP 	textStroopWord: height = 0.05
18.5048 	EXP 	textStroopWord: text = 'Skarpeta'
19.4884 	EXP 	textStroopWord: autoDraw = True
19.9397 	DATA 	Keypress: escape
20.5285 	EXP 	window1: mouseVisible = True
